[debug] [2022-11-19T01:35:34.330Z] ----------------------------------------------------------------------
[debug] [2022-11-19T01:35:34.331Z] Command:       /usr/local/bin/firebase /Users/davidgray/.cache/firebase/tools/lib/node_modules/firebase-tools/lib/bin/firebase init
[debug] [2022-11-19T01:35:34.331Z] CLI Version:   11.16.1
[debug] [2022-11-19T01:35:34.331Z] Platform:      darwin
[debug] [2022-11-19T01:35:34.331Z] Node Version:  v16.16.0
[debug] [2022-11-19T01:35:34.332Z] Time:          Fri Nov 18 2022 19:35:34 GMT-0600 (Central Standard Time)
[debug] [2022-11-19T01:35:34.333Z] ----------------------------------------------------------------------
[debug] 
[debug] [2022-11-19T01:35:34.339Z] > command requires scopes: ["email","openid","https://www.googleapis.com/auth/cloudplatformprojects.readonly","https://www.googleapis.com/auth/firebase","https://www.googleapis.com/auth/cloud-platform"]
[debug] [2022-11-19T01:35:34.341Z] > authorizing via signed-in user (davidgraymi@gmail.com)
[info] 
     ######## #### ########  ######## ########     ###     ######  ########
     ##        ##  ##     ## ##       ##     ##  ##   ##  ##       ##
     ######    ##  ########  ######   ########  #########  ######  ######
     ##        ##  ##    ##  ##       ##     ## ##     ##       ## ##
     ##       #### ##     ## ######## ########  ##     ##  ######  ########

You're about to initialize a Firebase project in this directory:

  /Users/davidgray/Code/ConverterWebsite

[info] 
=== Project Setup
[info] 
[info] First, let's associate this project directory with a Firebase project.
[info] You can create multiple project aliases by running firebase use --add, 
[info] but for now we'll just set up a default project.
[info] 
[info] i  If you want to create a project in a Google Cloud organization or folder, please use "firebase projects:create" instead, and return to this command when you've created the project. 
[debug] [2022-11-19T01:35:57.181Z] >>> [apiv2][query] POST https://cloudresourcemanager.googleapis.com/v1/projects [none]
[debug] [2022-11-19T01:35:57.185Z] >>> [apiv2][body] POST https://cloudresourcemanager.googleapis.com/v1/projects {"projectId":"dmd101","name":"DegreesMinutesDecimals"}
[debug] [2022-11-19T01:35:57.638Z] <<< [apiv2][status] POST https://cloudresourcemanager.googleapis.com/v1/projects 200
[debug] [2022-11-19T01:35:57.642Z] <<< [apiv2][body] POST https://cloudresourcemanager.googleapis.com/v1/projects {"name":"operations/cp.5929009269613361159"}
[debug] [2022-11-19T01:35:57.644Z] >>> [apiv2][query] GET https://cloudresourcemanager.googleapis.com/v1/operations/cp.5929009269613361159 [none]
[debug] [2022-11-19T01:35:58.098Z] <<< [apiv2][status] GET https://cloudresourcemanager.googleapis.com/v1/operations/cp.5929009269613361159 200
[debug] [2022-11-19T01:35:58.098Z] <<< [apiv2][body] GET https://cloudresourcemanager.googleapis.com/v1/operations/cp.5929009269613361159 {"name":"operations/cp.5929009269613361159"}
[debug] [2022-11-19T01:35:58.602Z] [Project Creation Poller] Retrying task index 0
[debug] [2022-11-19T01:35:58.605Z] >>> [apiv2][query] GET https://cloudresourcemanager.googleapis.com/v1/operations/cp.5929009269613361159 [none]
[debug] [2022-11-19T01:35:59.068Z] <<< [apiv2][status] GET https://cloudresourcemanager.googleapis.com/v1/operations/cp.5929009269613361159 200
[debug] [2022-11-19T01:35:59.069Z] <<< [apiv2][body] GET https://cloudresourcemanager.googleapis.com/v1/operations/cp.5929009269613361159 {"name":"operations/cp.5929009269613361159"}
[debug] [2022-11-19T01:36:00.071Z] [Project Creation Poller] Retrying task index 0
[debug] [2022-11-19T01:36:00.073Z] >>> [apiv2][query] GET https://cloudresourcemanager.googleapis.com/v1/operations/cp.5929009269613361159 [none]
[debug] [2022-11-19T01:36:00.610Z] <<< [apiv2][status] GET https://cloudresourcemanager.googleapis.com/v1/operations/cp.5929009269613361159 200
[debug] [2022-11-19T01:36:00.612Z] <<< [apiv2][body] GET https://cloudresourcemanager.googleapis.com/v1/operations/cp.5929009269613361159 {"name":"operations/cp.5929009269613361159","metadata":{"@type":"type.googleapis.com/google.cloudresourcemanager.v1.ProjectCreationStatus","gettable":true}}
[debug] [2022-11-19T01:36:02.612Z] [Project Creation Poller] Retrying task index 0
[debug] [2022-11-19T01:36:02.624Z] >>> [apiv2][query] GET https://cloudresourcemanager.googleapis.com/v1/operations/cp.5929009269613361159 [none]
[debug] [2022-11-19T01:36:03.063Z] <<< [apiv2][status] GET https://cloudresourcemanager.googleapis.com/v1/operations/cp.5929009269613361159 200
[debug] [2022-11-19T01:36:03.068Z] <<< [apiv2][body] GET https://cloudresourcemanager.googleapis.com/v1/operations/cp.5929009269613361159 {"name":"operations/cp.5929009269613361159","metadata":{"@type":"type.googleapis.com/google.cloudresourcemanager.v1.ProjectCreationStatus","gettable":true,"ready":true},"done":true,"response":{"@type":"type.googleapis.com/google.cloudresourcemanager.v1.Project","projectNumber":"538787835187","projectId":"dmd101","lifecycleState":"ACTIVE","name":"DegreesMinutesDecimals","createTime":"2022-11-19T01:35:57.406Z"}}
[debug] [2022-11-19T01:36:03.073Z] >>> [apiv2][query] POST https://firebase.googleapis.com/v1beta1/projects/dmd101:addFirebase [none]
[debug] [2022-11-19T01:36:04.597Z] <<< [apiv2][status] POST https://firebase.googleapis.com/v1beta1/projects/dmd101:addFirebase 200
[debug] [2022-11-19T01:36:04.602Z] <<< [apiv2][body] POST https://firebase.googleapis.com/v1beta1/projects/dmd101:addFirebase {"name":"operations/workflows/YzVlMTQ4MzItYmMyZS00YWUzLTk1ZmItZmExYTYwMTUyMmM1"}
[debug] [2022-11-19T01:36:04.603Z] >>> [apiv2][query] GET https://firebase.googleapis.com/v1beta1/operations/workflows/YzVlMTQ4MzItYmMyZS00YWUzLTk1ZmItZmExYTYwMTUyMmM1 [none]
[debug] [2022-11-19T01:36:04.910Z] <<< [apiv2][status] GET https://firebase.googleapis.com/v1beta1/operations/workflows/YzVlMTQ4MzItYmMyZS00YWUzLTk1ZmItZmExYTYwMTUyMmM1 200
[debug] [2022-11-19T01:36:04.911Z] <<< [apiv2][body] GET https://firebase.googleapis.com/v1beta1/operations/workflows/YzVlMTQ4MzItYmMyZS00YWUzLTk1ZmItZmExYTYwMTUyMmM1 {"name":"operations/workflows/YzVlMTQ4MzItYmMyZS00YWUzLTk1ZmItZmExYTYwMTUyMmM1"}
[debug] [2022-11-19T01:36:05.412Z] [Add Firebase Poller] Retrying task index 0
[debug] [2022-11-19T01:36:05.414Z] >>> [apiv2][query] GET https://firebase.googleapis.com/v1beta1/operations/workflows/YzVlMTQ4MzItYmMyZS00YWUzLTk1ZmItZmExYTYwMTUyMmM1 [none]
[debug] [2022-11-19T01:36:05.713Z] <<< [apiv2][status] GET https://firebase.googleapis.com/v1beta1/operations/workflows/YzVlMTQ4MzItYmMyZS00YWUzLTk1ZmItZmExYTYwMTUyMmM1 200
[debug] [2022-11-19T01:36:05.714Z] <<< [apiv2][body] GET https://firebase.googleapis.com/v1beta1/operations/workflows/YzVlMTQ4MzItYmMyZS00YWUzLTk1ZmItZmExYTYwMTUyMmM1 {"name":"operations/workflows/YzVlMTQ4MzItYmMyZS00YWUzLTk1ZmItZmExYTYwMTUyMmM1"}
[debug] [2022-11-19T01:36:06.715Z] [Add Firebase Poller] Retrying task index 0
[debug] [2022-11-19T01:36:06.718Z] >>> [apiv2][query] GET https://firebase.googleapis.com/v1beta1/operations/workflows/YzVlMTQ4MzItYmMyZS00YWUzLTk1ZmItZmExYTYwMTUyMmM1 [none]
[debug] [2022-11-19T01:36:06.920Z] <<< [apiv2][status] GET https://firebase.googleapis.com/v1beta1/operations/workflows/YzVlMTQ4MzItYmMyZS00YWUzLTk1ZmItZmExYTYwMTUyMmM1 200
[debug] [2022-11-19T01:36:06.921Z] <<< [apiv2][body] GET https://firebase.googleapis.com/v1beta1/operations/workflows/YzVlMTQ4MzItYmMyZS00YWUzLTk1ZmItZmExYTYwMTUyMmM1 {"name":"operations/workflows/YzVlMTQ4MzItYmMyZS00YWUzLTk1ZmItZmExYTYwMTUyMmM1"}
[debug] [2022-11-19T01:36:08.923Z] [Add Firebase Poller] Retrying task index 0
[debug] [2022-11-19T01:36:08.926Z] >>> [apiv2][query] GET https://firebase.googleapis.com/v1beta1/operations/workflows/YzVlMTQ4MzItYmMyZS00YWUzLTk1ZmItZmExYTYwMTUyMmM1 [none]
[debug] [2022-11-19T01:36:09.321Z] <<< [apiv2][status] GET https://firebase.googleapis.com/v1beta1/operations/workflows/YzVlMTQ4MzItYmMyZS00YWUzLTk1ZmItZmExYTYwMTUyMmM1 200
[debug] [2022-11-19T01:36:09.321Z] <<< [apiv2][body] GET https://firebase.googleapis.com/v1beta1/operations/workflows/YzVlMTQ4MzItYmMyZS00YWUzLTk1ZmItZmExYTYwMTUyMmM1 {"name":"operations/workflows/YzVlMTQ4MzItYmMyZS00YWUzLTk1ZmItZmExYTYwMTUyMmM1"}
[debug] [2022-11-19T01:36:13.324Z] [Add Firebase Poller] Retrying task index 0
[debug] [2022-11-19T01:36:13.327Z] >>> [apiv2][query] GET https://firebase.googleapis.com/v1beta1/operations/workflows/YzVlMTQ4MzItYmMyZS00YWUzLTk1ZmItZmExYTYwMTUyMmM1 [none]
[debug] [2022-11-19T01:36:13.617Z] <<< [apiv2][status] GET https://firebase.googleapis.com/v1beta1/operations/workflows/YzVlMTQ4MzItYmMyZS00YWUzLTk1ZmItZmExYTYwMTUyMmM1 200
[debug] [2022-11-19T01:36:13.617Z] <<< [apiv2][body] GET https://firebase.googleapis.com/v1beta1/operations/workflows/YzVlMTQ4MzItYmMyZS00YWUzLTk1ZmItZmExYTYwMTUyMmM1 {"name":"operations/workflows/YzVlMTQ4MzItYmMyZS00YWUzLTk1ZmItZmExYTYwMTUyMmM1"}
[debug] [2022-11-19T01:36:21.620Z] [Add Firebase Poller] Retrying task index 0
[debug] [2022-11-19T01:36:21.624Z] >>> [apiv2][query] GET https://firebase.googleapis.com/v1beta1/operations/workflows/YzVlMTQ4MzItYmMyZS00YWUzLTk1ZmItZmExYTYwMTUyMmM1 [none]
[debug] [2022-11-19T01:36:21.934Z] <<< [apiv2][status] GET https://firebase.googleapis.com/v1beta1/operations/workflows/YzVlMTQ4MzItYmMyZS00YWUzLTk1ZmItZmExYTYwMTUyMmM1 200
[debug] [2022-11-19T01:36:21.934Z] <<< [apiv2][body] GET https://firebase.googleapis.com/v1beta1/operations/workflows/YzVlMTQ4MzItYmMyZS00YWUzLTk1ZmItZmExYTYwMTUyMmM1 {"name":"operations/workflows/YzVlMTQ4MzItYmMyZS00YWUzLTk1ZmItZmExYTYwMTUyMmM1","done":true,"response":{"@type":"type.googleapis.com/google.firebase.service.v1beta1.FirebaseProject","projectId":"dmd101","projectNumber":"538787835187","displayName":"DegreesMinutesDecimals","name":"projects/dmd101","resources":{"hostingSite":"dmd101"}}}
[info] 
[info] 🎉🎉🎉 Your Firebase project is ready! 🎉🎉🎉
[info] 
[info] Project information:
[info]    - Project ID: dmd101
[info]    - Project Name: DegreesMinutesDecimals
[info] 
[info] Firebase console is available at
[info] https://console.firebase.google.com/project/dmd101/overview
[info] i  Using project dmd101 (DegreesMinutesDecimals) 
[info] 
=== Hosting Setup
[info] 
[info] Your public directory is the folder (relative to your project directory) that
[info] will contain Hosting assets to be uploaded with firebase deploy. If you
[info] have a build process for your assets, use your build's output directory.
[info] 
[debug] [2022-11-19T01:37:07.772Z] >>> [apiv2][query] GET https://www.gstatic.com/firebasejs/releases.json [none]
[debug] [2022-11-19T01:37:07.883Z] <<< [apiv2][status] GET https://www.gstatic.com/firebasejs/releases.json 200
[debug] [2022-11-19T01:37:07.884Z] <<< [apiv2][body] GET https://www.gstatic.com/firebasejs/releases.json {"current":{"version":"9.14.0","browserURL":"https://www.gstatic.com/firebasejs/9.14.0/firebase.js","packageURL":"https://www.gstatic.com/firebasejs/9.14.0/firebase.tgz"},"live":{"version":"9.14","browserURL":"https://www.gstatic.com/firebasejs/live/9.14/firebase.js","packageURL":"https://www.gstatic.com/firebasejs/live/9.14/firebase.tgz"},"components":{"analytics":"https://www.gstatic.com/firebasejs/9.14.0/firebase-analytics.js","app":"https://www.gstatic.com/firebasejs/9.14.0/firebase-app.js","app-check":"https://www.gstatic.com/firebasejs/9.14.0/firebase-app-check.js","auth":"https://www.gstatic.com/firebasejs/9.14.0/firebase-auth.js","auth/cordova":"https://www.gstatic.com/firebasejs/9.14.0/firebase-auth/cordova.js","auth/react-native":"https://www.gstatic.com/firebasejs/9.14.0/firebase-auth/react-native.js","functions":"https://www.gstatic.com/firebasejs/9.14.0/firebase-functions.js","firestore":"https://www.gstatic.com/firebasejs/9.14.0/firebase-firestore.js","firestore/lite":"https://www.gstatic.com/firebasejs/9.14.0/firebase-firestore/lite.js","installations":"https://www.gstatic.com/firebasejs/9.14.0/firebase-installations.js","storage":"https://www.gstatic.com/firebasejs/9.14.0/firebase-storage.js","performance":"https://www.gstatic.com/firebasejs/9.14.0/firebase-performance.js","remote-config":"https://www.gstatic.com/firebasejs/9.14.0/firebase-remote-config.js","messaging":"https://www.gstatic.com/firebasejs/9.14.0/firebase-messaging.js","messaging/sw":"https://www.gstatic.com/firebasejs/9.14.0/firebase-messaging/sw.js","database":"https://www.gstatic.com/firebasejs/9.14.0/firebase-database.js","firestore.memory":"https://www.gstatic.com/firebasejs/9.14.0/firebase-firestore.memory.js"}}
[info] ✔  Wrote DegreesMinutesDecimals/index.html 
[info] 
[info] i  Didn't detect a .git folder. Assuming /Users/davidgray/Code/ConverterWebsite is the project root. 
[info] i  Authorizing with GitHub to upload your service account to a GitHub repository's secrets store. 
[info] 
[info] Visit this URL on this device to log in:
[info] https://github.com/login/oauth/authorize?client_id=89cf50f02ac6aaed3484&state=347278811&redirect_uri=http%3A%2F%2Flocalhost%3A9005&scope=read%3Auser%20repo%20public_repo
[info] 
[info] Waiting for authentication...
[debug] [2022-11-19T01:38:34.827Z] >>> [apiv2][query] POST https://github.com/login/oauth/access_token [none]
[debug] [2022-11-19T01:38:34.828Z] >>> [apiv2][body] POST https://github.com/login/oauth/access_token [stream]
[debug] [2022-11-19T01:38:35.149Z] <<< [apiv2][status] POST https://github.com/login/oauth/access_token 200
[debug] [2022-11-19T01:38:35.150Z] <<< [apiv2][body] POST https://github.com/login/oauth/access_token {"access_token":"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","token_type":"bearer","scope":"read:user,repo"}
[debug] [2022-11-19T01:38:35.160Z] >>> [apiv2][query] GET https://api.github.com/user [none]
[debug] [2022-11-19T01:38:35.455Z] <<< [apiv2][status] GET https://api.github.com/user 200
[debug] [2022-11-19T01:38:35.456Z] <<< [apiv2][body] GET https://api.github.com/user {"login":"davidgraymi","id":54521366,"node_id":"MDQ6VXNlcjU0NTIxMzY2","avatar_url":"https://avatars.githubusercontent.com/u/54521366?v=4","gravatar_id":"","url":"https://api.github.com/users/davidgraymi","html_url":"https://github.com/davidgraymi","followers_url":"https://api.github.com/users/davidgraymi/followers","following_url":"https://api.github.com/users/davidgraymi/following{/other_user}","gists_url":"https://api.github.com/users/davidgraymi/gists{/gist_id}","starred_url":"https://api.github.com/users/davidgraymi/starred{/owner}{/repo}","subscriptions_url":"https://api.github.com/users/davidgraymi/subscriptions","organizations_url":"https://api.github.com/users/davidgraymi/orgs","repos_url":"https://api.github.com/users/davidgraymi/repos","events_url":"https://api.github.com/users/davidgraymi/events{/privacy}","received_events_url":"https://api.github.com/users/davidgraymi/received_events","type":"User","site_admin":false,"name":"David Gray","company":null,"blog":"","location":null,"email":null,"hireable":null,"bio":"Computer Science student at Missouri State University interested in computational neuroscience.","twitter_username":null,"public_repos":6,"public_gists":0,"followers":0,"following":1,"created_at":"2019-08-26T03:42:41Z","updated_at":"2022-11-18T16:50:45Z","private_gists":0,"total_private_repos":0,"owned_private_repos":0,"disk_usage":12804,"collaborators":0,"two_factor_authentication":false,"plan":{"name":"free","space":976562499,"collaborators":0,"private_repos":10000}}
[info] 
[info] ✔  Success! Logged into GitHub as davidgraymi 
[info] 
[debug] [2022-11-19T01:39:29.943Z] >>> [apiv2][query] GET https://api.github.com/repos/r/ConverterWebsite/actions/secrets/public-key type=owner
[debug] [2022-11-19T01:39:30.157Z] <<< [apiv2][status] GET https://api.github.com/repos/r/ConverterWebsite/actions/secrets/public-key 404
[debug] [2022-11-19T01:39:30.159Z] <<< [apiv2][body] GET https://api.github.com/repos/r/ConverterWebsite/actions/secrets/public-key {"message":"Not Found","documentation_url":"https://docs.github.com/rest/reference/actions#get-a-repository-public-key"}
[debug] [2022-11-19T01:39:45.125Z] >>> [apiv2][query] GET https://api.github.com/repos/r/ConverterWebsite/actions/secrets/public-key type=owner
[debug] [2022-11-19T01:39:45.347Z] <<< [apiv2][status] GET https://api.github.com/repos/r/ConverterWebsite/actions/secrets/public-key 404
[debug] [2022-11-19T01:39:45.348Z] <<< [apiv2][body] GET https://api.github.com/repos/r/ConverterWebsite/actions/secrets/public-key {"message":"Not Found","documentation_url":"https://docs.github.com/rest/reference/actions#get-a-repository-public-key"}
[debug] [2022-11-19T01:39:45.994Z] >>> [apiv2][query] GET https://api.github.com/repos/r/ConverterWebsite/actions/secrets/public-key type=owner
[debug] [2022-11-19T01:39:46.245Z] <<< [apiv2][status] GET https://api.github.com/repos/r/ConverterWebsite/actions/secrets/public-key 404
[debug] [2022-11-19T01:39:46.245Z] <<< [apiv2][body] GET https://api.github.com/repos/r/ConverterWebsite/actions/secrets/public-key {"message":"Not Found","documentation_url":"https://docs.github.com/rest/reference/actions#get-a-repository-public-key"}
[debug] [2022-11-19T01:39:46.875Z] >>> [apiv2][query] GET https://api.github.com/repos/r/ConverterWebsite/actions/secrets/public-key type=owner
[debug] [2022-11-19T01:39:47.100Z] <<< [apiv2][status] GET https://api.github.com/repos/r/ConverterWebsite/actions/secrets/public-key 404
[debug] [2022-11-19T01:39:47.101Z] <<< [apiv2][body] GET https://api.github.com/repos/r/ConverterWebsite/actions/secrets/public-key {"message":"Not Found","documentation_url":"https://docs.github.com/rest/reference/actions#get-a-repository-public-key"}
[debug] [2022-11-19T01:39:49.683Z] >>> [apiv2][query] GET https://api.github.com/repos//actions/secrets/public-key type=owner
[debug] [2022-11-19T01:39:49.892Z] <<< [apiv2][status] GET https://api.github.com/repos//actions/secrets/public-key 404
[debug] [2022-11-19T01:39:49.892Z] <<< [apiv2][body] GET https://api.github.com/repos//actions/secrets/public-key {"message":"Not Found","documentation_url":"https://docs.github.com/rest"}
[debug] [2022-11-19T01:39:49.923Z] >>> [apiv2][query] GET https://api.github.com/repos//actions/secrets/public-key type=owner
[debug] [2022-11-19T01:39:50.036Z] >>> [apiv2][query] GET https://api.github.com/repos//actions/secrets/public-key type=owner
[debug] [2022-11-19T01:39:50.126Z] <<< [apiv2][status] GET https://api.github.com/repos//actions/secrets/public-key 404
[debug] [2022-11-19T01:39:50.126Z] <<< [apiv2][body] GET https://api.github.com/repos//actions/secrets/public-key {"message":"Not Found","documentation_url":"https://docs.github.com/rest"}
[debug] [2022-11-19T01:39:50.226Z] <<< [apiv2][status] GET https://api.github.com/repos//actions/secrets/public-key 404
[debug] [2022-11-19T01:39:50.226Z] <<< [apiv2][body] GET https://api.github.com/repos//actions/secrets/public-key {"message":"Not Found","documentation_url":"https://docs.github.com/rest"}
[debug] [2022-11-19T01:40:04.323Z] >>> [apiv2][query] GET https://api.github.com/repos/no/actions/secrets/public-key type=owner
[debug] [2022-11-19T01:40:04.537Z] <<< [apiv2][status] GET https://api.github.com/repos/no/actions/secrets/public-key 404
[debug] [2022-11-19T01:40:04.537Z] <<< [apiv2][body] GET https://api.github.com/repos/no/actions/secrets/public-key {"message":"Not Found","documentation_url":"https://docs.github.com/rest"}
